<?xml version="1.0" encoding="UTF-8"?>
<testng-results skipped="0" failed="0" ignored="0" total="1" passed="1">
  <reporter-output>
  </reporter-output>
  <suite name="HybridFramework_Basic" duration-ms="9755" started-at="2020-01-16T17:48:16 CET" finished-at="2020-01-16T17:48:26 CET">
    <groups>
    </groups>
    <test name="Functional" duration-ms="9755" started-at="2020-01-16T17:48:16 CET" finished-at="2020-01-16T17:48:26 CET">
      <class name="de.HFB.testCases.Functional_TC_loginTest_001">
        <test-method status="PASS" signature="setUp(java.lang.String)[pri:0, instance:de.HFB.testCases.Functional_TC_loginTest_001@1b68ddbd]" name="setUp" is-config="true" duration-ms="7633" started-at="2020-01-16T17:48:16 CET" finished-at="2020-01-16T17:48:24 CET">
          <params>
            <param index="0">
              <value>
                <![CDATA[chrome]]>
              </value>
            </param>
          </params>
          <reporter-output>
          </reporter-output>
        </test-method> <!-- setUp -->
        <test-method status="PASS" signature="loginTest()[pri:0, instance:de.HFB.testCases.Functional_TC_loginTest_001@1b68ddbd]" name="loginTest" duration-ms="1396" started-at="2020-01-16T17:48:24 CET" finished-at="2020-01-16T17:48:25 CET">
          <reporter-output>
          </reporter-output>
        </test-method> <!-- loginTest -->
        <test-method status="PASS" signature="tearDown()[pri:0, instance:de.HFB.testCases.Functional_TC_loginTest_001@1b68ddbd]" name="tearDown" is-config="true" duration-ms="684" started-at="2020-01-16T17:48:25 CET" finished-at="2020-01-16T17:48:26 CET">
          <reporter-output>
          </reporter-output>
        </test-method> <!-- tearDown -->
      </class> <!-- de.HFB.testCases.Functional_TC_loginTest_001 -->
    </test> <!-- Functional -->
  </suite> <!-- HybridFramework_Basic -->
</testng-results>
